TN:
SF:LinkedList.js
FN:5,(anonymous_0)
FN:12,(anonymous_1)
FN:26,(anonymous_2)
FN:40,(anonymous_3)
FN:75,(anonymous_4)
FN:93,(anonymous_5)
FN:111,(anonymous_6)
FN:132,(anonymous_7)
FN:138,(anonymous_8)
FNF:9
FNH:0
FNDA:0,(anonymous_0)
FNDA:0,(anonymous_1)
FNDA:0,(anonymous_2)
FNDA:0,(anonymous_3)
FNDA:0,(anonymous_4)
FNDA:0,(anonymous_5)
FNDA:0,(anonymous_6)
FNDA:0,(anonymous_7)
FNDA:0,(anonymous_8)
DA:6,0
DA:7,0
DA:8,0
DA:13,0
DA:14,0
DA:15,0
DA:17,0
DA:18,0
DA:21,0
DA:22,0
DA:27,0
DA:28,0
DA:29,0
DA:31,0
DA:32,0
DA:33,0
DA:35,0
DA:36,0
DA:41,0
DA:42,0
DA:43,0
DA:44,0
DA:46,0
DA:47,0
DA:48,0
DA:49,0
DA:50,0
DA:52,0
DA:53,0
DA:54,0
DA:55,0
DA:58,0
DA:59,0
DA:62,0
DA:63,0
DA:64,0
DA:67,0
DA:69,0
DA:71,0
DA:76,0
DA:78,0
DA:80,0
DA:81,0
DA:82,0
DA:84,0
DA:85,0
DA:86,0
DA:89,0
DA:94,0
DA:96,0
DA:98,0
DA:99,0
DA:100,0
DA:102,0
DA:103,0
DA:104,0
DA:107,0
DA:112,0
DA:114,0
DA:115,0
DA:116,0
DA:117,0
DA:118,0
DA:121,0
DA:122,0
DA:123,0
DA:124,0
DA:127,0
DA:133,0
DA:139,0
DA:140,0
DA:141,0
LF:72
LH:0
BRDA:6,0,0,0
BRDA:6,0,1,0
BRDA:7,1,0,0
BRDA:7,1,1,0
BRDA:13,2,0,0
BRDA:13,2,1,0
BRDA:27,3,0,0
BRDA:27,3,1,0
BRDA:41,4,0,0
BRDA:41,4,1,0
BRDA:48,5,0,0
BRDA:48,5,1,0
BRDA:49,6,0,0
BRDA:49,6,1,0
BRDA:50,7,0,0
BRDA:50,7,1,0
BRDA:52,8,0,0
BRDA:52,8,1,0
BRDA:54,9,0,0
BRDA:54,9,1,0
BRDA:62,10,0,0
BRDA:62,10,1,0
BRDA:76,11,0,0
BRDA:76,11,1,0
BRDA:80,12,0,0
BRDA:80,12,1,0
BRDA:94,13,0,0
BRDA:94,13,1,0
BRDA:98,14,0,0
BRDA:98,14,1,0
BRDA:111,15,0,0
BRDA:114,16,0,0
BRDA:114,16,1,0
BRDA:127,17,0,0
BRDA:127,17,1,0
BRDA:132,18,0,0
BRDA:138,19,0,0
BRDA:138,20,0,0
BRDA:138,21,0,0
BRF:39
BRH:0
end_of_record
