{"/Users/jahedev/Github/learning/html_canvas/LinkedList.js": {"path":"/Users/jahedev/Github/learning/html_canvas/LinkedList.js","statementMap":{"0":{"start":{"line":6,"column":4},"end":{"line":6,"column":61}},"1":{"start":{"line":7,"column":4},"end":{"line":7,"column":34}},"2":{"start":{"line":8,"column":4},"end":{"line":8,"column":26}},"3":{"start":{"line":13,"column":4},"end":{"line":19,"column":5}},"4":{"start":{"line":14,"column":6},"end":{"line":14,"column":43}},"5":{"start":{"line":15,"column":6},"end":{"line":15,"column":28}},"6":{"start":{"line":17,"column":6},"end":{"line":17,"column":65}},"7":{"start":{"line":18,"column":6},"end":{"line":18,"column":33}},"8":{"start":{"line":21,"column":4},"end":{"line":21,"column":19}},"9":{"start":{"line":22,"column":4},"end":{"line":22,"column":26}},"10":{"start":{"line":27,"column":4},"end":{"line":34,"column":5}},"11":{"start":{"line":28,"column":6},"end":{"line":28,"column":43}},"12":{"start":{"line":29,"column":6},"end":{"line":29,"column":28}},"13":{"start":{"line":31,"column":17},"end":{"line":31,"column":52}},"14":{"start":{"line":32,"column":6},"end":{"line":32,"column":28}},"15":{"start":{"line":33,"column":6},"end":{"line":33,"column":23}},"16":{"start":{"line":35,"column":4},"end":{"line":35,"column":19}},"17":{"start":{"line":36,"column":4},"end":{"line":36,"column":16}},"18":{"start":{"line":41,"column":4},"end":{"line":45,"column":5}},"19":{"start":{"line":42,"column":6},"end":{"line":42,"column":35}},"20":{"start":{"line":43,"column":6},"end":{"line":43,"column":20}},"21":{"start":{"line":44,"column":6},"end":{"line":44,"column":23}},"22":{"start":{"line":46,"column":12},"end":{"line":46,"column":21}},"23":{"start":{"line":47,"column":4},"end":{"line":70,"column":5}},"24":{"start":{"line":48,"column":6},"end":{"line":68,"column":7}},"25":{"start":{"line":49,"column":8},"end":{"line":49,"column":41}},"26":{"start":{"line":49,"column":20},"end":{"line":49,"column":41}},"27":{"start":{"line":50,"column":8},"end":{"line":50,"column":41}},"28":{"start":{"line":50,"column":20},"end":{"line":50,"column":41}},"29":{"start":{"line":52,"column":8},"end":{"line":56,"column":9}},"30":{"start":{"line":53,"column":10},"end":{"line":53,"column":29}},"31":{"start":{"line":54,"column":15},"end":{"line":56,"column":9}},"32":{"start":{"line":55,"column":10},"end":{"line":55,"column":29}},"33":{"start":{"line":58,"column":8},"end":{"line":58,"column":17}},"34":{"start":{"line":59,"column":8},"end":{"line":59,"column":23}},"35":{"start":{"line":62,"column":8},"end":{"line":65,"column":9}},"36":{"start":{"line":63,"column":10},"end":{"line":63,"column":39}},"37":{"start":{"line":64,"column":10},"end":{"line":64,"column":24}},"38":{"start":{"line":67,"column":8},"end":{"line":67,"column":20}},"39":{"start":{"line":69,"column":6},"end":{"line":69,"column":17}},"40":{"start":{"line":71,"column":4},"end":{"line":71,"column":21}},"41":{"start":{"line":76,"column":4},"end":{"line":76,"column":41}},"42":{"start":{"line":76,"column":24},"end":{"line":76,"column":41}},"43":{"start":{"line":78,"column":17},"end":{"line":78,"column":31}},"44":{"start":{"line":80,"column":4},"end":{"line":87,"column":5}},"45":{"start":{"line":81,"column":6},"end":{"line":81,"column":35}},"46":{"start":{"line":82,"column":6},"end":{"line":82,"column":20}},"47":{"start":{"line":84,"column":6},"end":{"line":84,"column":33}},"48":{"start":{"line":85,"column":6},"end":{"line":85,"column":28}},"49":{"start":{"line":86,"column":6},"end":{"line":86,"column":21}},"50":{"start":{"line":89,"column":4},"end":{"line":89,"column":16}},"51":{"start":{"line":94,"column":4},"end":{"line":94,"column":41}},"52":{"start":{"line":94,"column":24},"end":{"line":94,"column":41}},"53":{"start":{"line":96,"column":17},"end":{"line":96,"column":31}},"54":{"start":{"line":98,"column":4},"end":{"line":105,"column":5}},"55":{"start":{"line":99,"column":6},"end":{"line":99,"column":35}},"56":{"start":{"line":100,"column":6},"end":{"line":100,"column":20}},"57":{"start":{"line":102,"column":6},"end":{"line":102,"column":33}},"58":{"start":{"line":103,"column":6},"end":{"line":103,"column":28}},"59":{"start":{"line":104,"column":6},"end":{"line":104,"column":21}},"60":{"start":{"line":107,"column":4},"end":{"line":107,"column":16}},"61":{"start":{"line":112,"column":21},"end":{"line":112,"column":23}},"62":{"start":{"line":114,"column":4},"end":{"line":126,"column":5}},"63":{"start":{"line":115,"column":6},"end":{"line":115,"column":20}},"64":{"start":{"line":116,"column":6},"end":{"line":119,"column":7}},"65":{"start":{"line":117,"column":8},"end":{"line":117,"column":30}},"66":{"start":{"line":118,"column":8},"end":{"line":118,"column":19}},"67":{"start":{"line":121,"column":6},"end":{"line":121,"column":20}},"68":{"start":{"line":122,"column":6},"end":{"line":125,"column":7}},"69":{"start":{"line":123,"column":8},"end":{"line":123,"column":30}},"70":{"start":{"line":124,"column":8},"end":{"line":124,"column":19}},"71":{"start":{"line":127,"column":4},"end":{"line":129,"column":37}},"72":{"start":{"line":133,"column":4},"end":{"line":133,"column":44}},"73":{"start":{"line":139,"column":4},"end":{"line":139,"column":21}},"74":{"start":{"line":140,"column":4},"end":{"line":140,"column":21}},"75":{"start":{"line":141,"column":4},"end":{"line":141,"column":21}}},"fnMap":{"0":{"name":"(anonymous_0)","decl":{"start":{"line":5,"column":2},"end":{"line":5,"column":3}},"loc":{"start":{"line":5,"column":23},"end":{"line":9,"column":3}},"line":5},"1":{"name":"(anonymous_1)","decl":{"start":{"line":12,"column":2},"end":{"line":12,"column":3}},"loc":{"start":{"line":12,"column":12},"end":{"line":23,"column":3}},"line":12},"2":{"name":"(anonymous_2)","decl":{"start":{"line":26,"column":2},"end":{"line":26,"column":3}},"loc":{"start":{"line":26,"column":17},"end":{"line":37,"column":3}},"line":26},"3":{"name":"(anonymous_3)","decl":{"start":{"line":40,"column":2},"end":{"line":40,"column":3}},"loc":{"start":{"line":40,"column":15},"end":{"line":72,"column":3}},"line":40},"4":{"name":"(anonymous_4)","decl":{"start":{"line":75,"column":2},"end":{"line":75,"column":3}},"loc":{"start":{"line":75,"column":16},"end":{"line":90,"column":3}},"line":75},"5":{"name":"(anonymous_5)","decl":{"start":{"line":93,"column":2},"end":{"line":93,"column":3}},"loc":{"start":{"line":93,"column":8},"end":{"line":108,"column":3}},"line":93},"6":{"name":"(anonymous_6)","decl":{"start":{"line":111,"column":2},"end":{"line":111,"column":3}},"loc":{"start":{"line":111,"column":32},"end":{"line":130,"column":3}},"line":111},"7":{"name":"(anonymous_7)","decl":{"start":{"line":132,"column":2},"end":{"line":132,"column":3}},"loc":{"start":{"line":132,"column":29},"end":{"line":134,"column":3}},"line":132},"8":{"name":"(anonymous_8)","decl":{"start":{"line":138,"column":2},"end":{"line":138,"column":3}},"loc":{"start":{"line":138,"column":58},"end":{"line":142,"column":3}},"line":138}},"branchMap":{"0":{"loc":{"start":{"line":6,"column":16},"end":{"line":6,"column":60}},"type":"cond-expr","locations":[{"start":{"line":6,"column":26},"end":{"line":6,"column":53}},{"start":{"line":6,"column":56},"end":{"line":6,"column":60}}],"line":6},"1":{"loc":{"start":{"line":7,"column":16},"end":{"line":7,"column":33}},"type":"cond-expr","locations":[{"start":{"line":7,"column":28},"end":{"line":7,"column":29}},{"start":{"line":7,"column":32},"end":{"line":7,"column":33}}],"line":7},"2":{"loc":{"start":{"line":13,"column":4},"end":{"line":19,"column":5}},"type":"if","locations":[{"start":{"line":13,"column":4},"end":{"line":19,"column":5}},{"start":{"line":16,"column":11},"end":{"line":19,"column":5}}],"line":13},"3":{"loc":{"start":{"line":27,"column":4},"end":{"line":34,"column":5}},"type":"if","locations":[{"start":{"line":27,"column":4},"end":{"line":34,"column":5}},{"start":{"line":30,"column":11},"end":{"line":34,"column":5}}],"line":27},"4":{"loc":{"start":{"line":41,"column":4},"end":{"line":45,"column":5}},"type":"if","locations":[{"start":{"line":41,"column":4},"end":{"line":45,"column":5}},{"start":{},"end":{}}],"line":41},"5":{"loc":{"start":{"line":48,"column":6},"end":{"line":68,"column":7}},"type":"if","locations":[{"start":{"line":48,"column":6},"end":{"line":68,"column":7}},{"start":{},"end":{}}],"line":48},"6":{"loc":{"start":{"line":49,"column":8},"end":{"line":49,"column":41}},"type":"if","locations":[{"start":{"line":49,"column":8},"end":{"line":49,"column":41}},{"start":{},"end":{}}],"line":49},"7":{"loc":{"start":{"line":50,"column":8},"end":{"line":50,"column":41}},"type":"if","locations":[{"start":{"line":50,"column":8},"end":{"line":50,"column":41}},{"start":{},"end":{}}],"line":50},"8":{"loc":{"start":{"line":52,"column":8},"end":{"line":56,"column":9}},"type":"if","locations":[{"start":{"line":52,"column":8},"end":{"line":56,"column":9}},{"start":{"line":54,"column":15},"end":{"line":56,"column":9}}],"line":52},"9":{"loc":{"start":{"line":54,"column":15},"end":{"line":56,"column":9}},"type":"if","locations":[{"start":{"line":54,"column":15},"end":{"line":56,"column":9}},{"start":{},"end":{}}],"line":54},"10":{"loc":{"start":{"line":62,"column":8},"end":{"line":65,"column":9}},"type":"if","locations":[{"start":{"line":62,"column":8},"end":{"line":65,"column":9}},{"start":{},"end":{}}],"line":62},"11":{"loc":{"start":{"line":76,"column":4},"end":{"line":76,"column":41}},"type":"if","locations":[{"start":{"line":76,"column":4},"end":{"line":76,"column":41}},{"start":{},"end":{}}],"line":76},"12":{"loc":{"start":{"line":80,"column":4},"end":{"line":87,"column":5}},"type":"if","locations":[{"start":{"line":80,"column":4},"end":{"line":87,"column":5}},{"start":{"line":83,"column":11},"end":{"line":87,"column":5}}],"line":80},"13":{"loc":{"start":{"line":94,"column":4},"end":{"line":94,"column":41}},"type":"if","locations":[{"start":{"line":94,"column":4},"end":{"line":94,"column":41}},{"start":{},"end":{}}],"line":94},"14":{"loc":{"start":{"line":98,"column":4},"end":{"line":105,"column":5}},"type":"if","locations":[{"start":{"line":98,"column":4},"end":{"line":105,"column":5}},{"start":{"line":101,"column":11},"end":{"line":105,"column":5}}],"line":98},"15":{"loc":{"start":{"line":111,"column":15},"end":{"line":111,"column":30}},"type":"default-arg","locations":[{"start":{"line":111,"column":25},"end":{"line":111,"column":30}}],"line":111},"16":{"loc":{"start":{"line":114,"column":4},"end":{"line":126,"column":5}},"type":"if","locations":[{"start":{"line":114,"column":4},"end":{"line":126,"column":5}},{"start":{"line":120,"column":11},"end":{"line":126,"column":5}}],"line":114},"17":{"loc":{"start":{"line":127,"column":11},"end":{"line":129,"column":36}},"type":"cond-expr","locations":[{"start":{"line":128,"column":8},"end":{"line":128,"column":36}},{"start":{"line":129,"column":8},"end":{"line":129,"column":36}}],"line":127},"18":{"loc":{"start":{"line":132,"column":12},"end":{"line":132,"column":27}},"type":"default-arg","locations":[{"start":{"line":132,"column":22},"end":{"line":132,"column":27}}],"line":132},"19":{"loc":{"start":{"line":138,"column":14},"end":{"line":138,"column":30}},"type":"default-arg","locations":[{"start":{"line":138,"column":21},"end":{"line":138,"column":30}}],"line":138},"20":{"loc":{"start":{"line":138,"column":32},"end":{"line":138,"column":43}},"type":"default-arg","locations":[{"start":{"line":138,"column":39},"end":{"line":138,"column":43}}],"line":138},"21":{"loc":{"start":{"line":138,"column":45},"end":{"line":138,"column":56}},"type":"default-arg","locations":[{"start":{"line":138,"column":52},"end":{"line":138,"column":56}}],"line":138}},"s":{"0":0,"1":0,"2":0,"3":0,"4":0,"5":0,"6":0,"7":0,"8":0,"9":0,"10":0,"11":0,"12":0,"13":0,"14":0,"15":0,"16":0,"17":0,"18":0,"19":0,"20":0,"21":0,"22":0,"23":0,"24":0,"25":0,"26":0,"27":0,"28":0,"29":0,"30":0,"31":0,"32":0,"33":0,"34":0,"35":0,"36":0,"37":0,"38":0,"39":0,"40":0,"41":0,"42":0,"43":0,"44":0,"45":0,"46":0,"47":0,"48":0,"49":0,"50":0,"51":0,"52":0,"53":0,"54":0,"55":0,"56":0,"57":0,"58":0,"59":0,"60":0,"61":0,"62":0,"63":0,"64":0,"65":0,"66":0,"67":0,"68":0,"69":0,"70":0,"71":0,"72":0,"73":0,"74":0,"75":0},"f":{"0":0,"1":0,"2":0,"3":0,"4":0,"5":0,"6":0,"7":0,"8":0},"b":{"0":[0,0],"1":[0,0],"2":[0,0],"3":[0,0],"4":[0,0],"5":[0,0],"6":[0,0],"7":[0,0],"8":[0,0],"9":[0,0],"10":[0,0],"11":[0,0],"12":[0,0],"13":[0,0],"14":[0,0],"15":[0],"16":[0,0],"17":[0,0],"18":[0],"19":[0],"20":[0],"21":[0]},"_coverageSchema":"1a1c01bbd47fc00a2c39e90264f33305004495a9","hash":"d2f5fda7ca875dba10c55865c10e0b386a9c884e"}
}
